nohup: ignoring input
[2025-10-31 20:40:18 +0000] [20120] [INFO] Starting gunicorn 21.2.0
[2025-10-31 20:40:18 +0000] [20120] [INFO] Listening at: http://127.0.0.1:8000 (20120)
[2025-10-31 20:40:18 +0000] [20120] [INFO] Using worker: sync
[2025-10-31 20:40:18 +0000] [20121] [INFO] Booting worker with pid: 20121
[2025-10-31 20:40:19 +0000] [20121] [ERROR] Exception in worker process
Traceback (most recent call last):
  File "/opt/app/CrystalLab/.venv/lib/python3.12/site-packages/gunicorn/arbiter.py", line 609, in spawn_worker
    worker.init_process()
  File "/opt/app/CrystalLab/.venv/lib/python3.12/site-packages/gunicorn/workers/base.py", line 134, in init_process
    self.load_wsgi()
  File "/opt/app/CrystalLab/.venv/lib/python3.12/site-packages/gunicorn/workers/base.py", line 146, in load_wsgi
    self.wsgi = self.app.wsgi()
                ^^^^^^^^^^^^^^^
  File "/opt/app/CrystalLab/.venv/lib/python3.12/site-packages/gunicorn/app/base.py", line 67, in wsgi
    self.callable = self.load()
                    ^^^^^^^^^^^
  File "/opt/app/CrystalLab/.venv/lib/python3.12/site-packages/gunicorn/app/wsgiapp.py", line 58, in load
    return self.load_wsgiapp()
           ^^^^^^^^^^^^^^^^^^^
  File "/opt/app/CrystalLab/.venv/lib/python3.12/site-packages/gunicorn/app/wsgiapp.py", line 48, in load_wsgiapp
    return util.import_app(self.app_uri)
           ^^^^^^^^^^^^^^^^^^^^^^^^^^^^^
  File "/opt/app/CrystalLab/.venv/lib/python3.12/site-packages/gunicorn/util.py", line 371, in import_app
    mod = importlib.import_module(module)
          ^^^^^^^^^^^^^^^^^^^^^^^^^^^^^^^
  File "/usr/lib/python3.12/importlib/__init__.py", line 90, in import_module
    return _bootstrap._gcd_import(name[level:], package, level)
           ^^^^^^^^^^^^^^^^^^^^^^^^^^^^^^^^^^^^^^^^^^^^^^^^^^^^
  File "<frozen importlib._bootstrap>", line 1387, in _gcd_import
  File "<frozen importlib._bootstrap>", line 1360, in _find_and_load
  File "<frozen importlib._bootstrap>", line 1331, in _find_and_load_unlocked
  File "<frozen importlib._bootstrap>", line 935, in _load_unlocked
  File "<frozen importlib._bootstrap_external>", line 995, in exec_module
  File "<frozen importlib._bootstrap>", line 488, in _call_with_frames_removed
  File "/opt/app/CrystalLab/wsgi.py", line 1, in <module>
    from app import app
  File "/opt/app/CrystalLab/app.py", line 25, in <module>
    raise RuntimeError("DATABASE_URL / SQLALCHEMY_DATABASE_URI is not set")
RuntimeError: DATABASE_URL / SQLALCHEMY_DATABASE_URI is not set
[2025-10-31 20:40:19 +0000] [20121] [INFO] Worker exiting (pid: 20121)
[2025-10-31 20:40:19 +0000] [20120] [ERROR] Worker (pid:20121) exited with code 3
[2025-10-31 20:40:19 +0000] [20120] [ERROR] Shutting down: Master
[2025-10-31 20:40:19 +0000] [20120] [ERROR] Reason: Worker failed to boot.
